<?xml version="1.0" encoding="UTF-8"?>
<testsuite name="edu.bsu.cs222.PrinterTest" tests="3" skipped="0" failures="0" errors="0" timestamp="2023-02-14T18:25:58" hostname="AUSTEN_IS_SEXY" time="0.788">
  <properties/>
  <testcase name="printNetworkErrorTest()" classname="edu.bsu.cs222.PrinterTest" time="0.011"/>
  <testcase name="printNoPageFoundTest()" classname="edu.bsu.cs222.PrinterTest" time="0.775"/>
  <testcase name="printNoPageRequestedTest()" classname="edu.bsu.cs222.PrinterTest" time="0.0"/>
  <system-out><![CDATA[]]></system-out>
  <system-err><![CDATA[SLF4J: Failed to load class "org.slf4j.impl.StaticLoggerBinder".
SLF4J: Defaulting to no-operation (NOP) logger implementation
SLF4J: See http://www.slf4j.org/codes.html#StaticLoggerBinder for further details.
]]></system-err>
</testsuite>
